<?xml version="1.0" encoding="UTF-8"?>
<!-- Generated by org.testng.reporters.JUnitXMLReporter -->
<testsuite hostname="LAPTOP-AQIQLLBC" failures="2" tests="2" name="Test" time="0.955" errors="0" timestamp="5 Jun 2025 10:34:43 GMT">
  <testcase classname="Poi_concept.writeData" name="loginUser" time="0.004">
    <failure type="java.lang.NullPointerException" message="Cannot invoke &amp;quot;org.openqa.selenium.WebDriver.get(String)&amp;quot; because &amp;quot;this.driver&amp;quot; is null">
      <![CDATA[java.lang.NullPointerException: Cannot invoke "org.openqa.selenium.WebDriver.get(String)" because "this.driver" is null
	at Poi_concept.writeData.loginUser(writeData.java:35)
... Removed 25 stack frames]]>
    </failure>
  </testcase> <!-- loginUser -->
  <testcase classname="Poi_concept.writeData" name="loginUser" time="0.004">
    <failure type="java.lang.NullPointerException" message="Cannot invoke &amp;quot;org.openqa.selenium.WebDriver.get(String)&amp;quot; because &amp;quot;this.driver&amp;quot; is null">
      <![CDATA[java.lang.NullPointerException: Cannot invoke "org.openqa.selenium.WebDriver.get(String)" because "this.driver" is null
	at Poi_concept.writeData.loginUser(writeData.java:35)
... Removed 25 stack frames]]>
    </failure>
  </testcase> <!-- loginUser -->
</testsuite> <!-- Test -->
