<?xml version="1.0" encoding="UTF-8"?>
<testng-results ignored="0" total="1" passed="1" failed="0" skipped="0">
  <reporter-output>
  </reporter-output>
  <suite started-at="2025-06-05T20:13:46 IST" name="Default suite" finished-at="2025-06-05T20:14:25 IST" duration-ms="38634">
    <groups>
    </groups>
    <test started-at="2025-06-05T20:13:46 IST" name="Default test" finished-at="2025-06-05T20:14:25 IST" duration-ms="38634">
      <class name="Poi_concept.windowHandle">
        <test-method signature="setUpBrowser()[pri:0, instance:Poi_concept.windowHandle@1ddf84b8]" started-at="2025-06-05T20:13:46 IST" name="setUpBrowser" finished-at="2025-06-05T20:14:25 IST" duration-ms="38595" status="PASS">
          <reporter-output>
          </reporter-output>
        </test-method> <!-- setUpBrowser -->
      </class> <!-- Poi_concept.windowHandle -->
    </test> <!-- Default test -->
  </suite> <!-- Default suite -->
</testng-results>
